2023-07-23T00:38:11.375+02:00  INFO 1536 --- [http-nio-8080-exec-7] com.tfg.backend_gymrat.util.Log          : User manufa01 login is in proccess...
2023-07-23T00:38:11.499+02:00  INFO 1536 --- [http-nio-8080-exec-7] com.tfg.backend_gymrat.util.Log          : User manufa01 has been logged in succesfully!
2023-07-23T00:56:26.128+02:00  INFO 1536 --- [http-nio-8080-exec-8] com.tfg.backend_gymrat.util.Log          : User manufa01 login is in proccess...
2023-07-23T00:56:26.251+02:00  INFO 1536 --- [http-nio-8080-exec-8] com.tfg.backend_gymrat.util.Log          : User manufa01 has been logged in succesfully!
2023-07-23T13:04:43.021+02:00  INFO 1586 --- [main] c.t.b.BackEndGymRatApplication           : Starting BackEndGymRatApplication using Java 20.0.1 with PID 1586 (/Users/jfandoal/Desktop/TFG/Repo/GymRat_TFG/BackEnd_GymRat/target/classes started by jfandoal in /Users/jfandoal/Desktop/TFG/Repo/GymRat_TFG/BackEnd_GymRat)
2023-07-23T13:04:43.022+02:00  INFO 1586 --- [main] c.t.b.BackEndGymRatApplication           : No active profile set, falling back to 1 default profile: "default"
2023-07-23T13:04:43.189+02:00  INFO 1586 --- [main] .s.d.r.c.RepositoryConfigurationDelegate : Bootstrapping Spring Data MongoDB repositories in DEFAULT mode.
2023-07-23T13:04:43.203+02:00  INFO 1586 --- [main] .s.d.r.c.RepositoryConfigurationDelegate : Finished Spring Data repository scanning in 12 ms. Found 2 MongoDB repository interfaces.
2023-07-23T13:04:43.452+02:00  INFO 1586 --- [main] o.s.b.w.embedded.tomcat.TomcatWebServer  : Tomcat initialized with port(s): 8080 (http)
2023-07-23T13:04:43.457+02:00  INFO 1586 --- [main] o.apache.catalina.core.StandardService   : Starting service [Tomcat]
2023-07-23T13:04:43.458+02:00  INFO 1586 --- [main] o.apache.catalina.core.StandardEngine    : Starting Servlet engine: [Apache Tomcat/10.1.10]
2023-07-23T13:04:43.514+02:00  INFO 1586 --- [main] o.a.c.c.C.[Tomcat].[localhost].[/]       : Initializing Spring embedded WebApplicationContext
2023-07-23T13:04:43.514+02:00  INFO 1586 --- [main] w.s.c.ServletWebServerApplicationContext : Root WebApplicationContext: initialization completed in 473 ms
2023-07-23T13:04:43.604+02:00  INFO 1586 --- [main] org.mongodb.driver.client                : MongoClient with metadata {"driver": {"name": "mongo-java-driver|sync|spring-boot", "version": "4.9.1"}, "os": {"type": "Darwin", "name": "Mac OS X", "architecture": "aarch64", "version": "13.4"}, "platform": "Java/Oracle Corporation/20.0.1+9-29"} created with settings MongoClientSettings{readPreference=primary, writeConcern=WriteConcern{w=null, wTimeout=null ms, journal=null}, retryWrites=true, retryReads=true, readConcern=ReadConcern{level=null}, credential=MongoCredential{mechanism=null, userName='rootuser', source='admin', password=<hidden>, mechanismProperties=<hidden>}, streamFactoryFactory=null, commandListeners=[], codecRegistry=ProvidersCodecRegistry{codecProviders=[ValueCodecProvider{}, BsonValueCodecProvider{}, DBRefCodecProvider{}, DBObjectCodecProvider{}, DocumentCodecProvider{}, CollectionCodecProvider{}, IterableCodecProvider{}, MapCodecProvider{}, GeoJsonCodecProvider{}, GridFSFileCodecProvider{}, Jsr310CodecProvider{}, JsonObjectCodecProvider{}, BsonCodecProvider{}, EnumCodecProvider{}, com.mongodb.client.model.mql.ExpressionCodecProvider@62f11ebb, com.mongodb.Jep395RecordCodecProvider@a6c54c3]}, loggerSettings=LoggerSettings{maxDocumentLength=1000}, clusterSettings={hosts=[localhost:27017], srvServiceName=mongodb, mode=SINGLE, requiredClusterType=UNKNOWN, requiredReplicaSetName='null', serverSelector='null', clusterListeners='[]', serverSelectionTimeout='30000 ms', localThreshold='30000 ms'}, socketSettings=SocketSettings{connectTimeoutMS=10000, readTimeoutMS=0, receiveBufferSize=0, sendBufferSize=0}, heartbeatSocketSettings=SocketSettings{connectTimeoutMS=10000, readTimeoutMS=10000, receiveBufferSize=0, sendBufferSize=0}, connectionPoolSettings=ConnectionPoolSettings{maxSize=100, minSize=0, maxWaitTimeMS=120000, maxConnectionLifeTimeMS=0, maxConnectionIdleTimeMS=0, maintenanceInitialDelayMS=0, maintenanceFrequencyMS=60000, connectionPoolListeners=[], maxConnecting=2}, serverSettings=ServerSettings{heartbeatFrequencyMS=10000, minHeartbeatFrequencyMS=500, serverListeners='[]', serverMonitorListeners='[]'}, sslSettings=SslSettings{enabled=false, invalidHostNameAllowed=false, context=null}, applicationName='null', compressorList=[], uuidRepresentation=JAVA_LEGACY, serverApi=null, autoEncryptionSettings=null, contextProvider=null}
2023-07-23T13:04:43.611+02:00  INFO 1586 --- [cluster-ClusterId{value='64bd094b14208560991242ae', description='null'}-localhost:27017] org.mongodb.driver.cluster               : Monitor thread successfully connected to server with description ServerDescription{address=localhost:27017, type=STANDALONE, state=CONNECTED, ok=true, minWireVersion=0, maxWireVersion=17, maxDocumentSize=16777216, logicalSessionTimeoutMinutes=30, roundTripTimeNanos=8004042}
2023-07-23T13:04:43.936+02:00  INFO 1586 --- [main] o.s.s.web.DefaultSecurityFilterChain     : Will secure any request with [org.springframework.security.web.session.DisableEncodeUrlFilter@4cd7d5e1, org.springframework.security.web.context.request.async.WebAsyncManagerIntegrationFilter@2ae3235e, org.springframework.security.web.context.SecurityContextHolderFilter@4fd80300, org.springframework.security.web.header.HeaderWriterFilter@23afc725, org.springframework.security.web.authentication.logout.LogoutFilter@6136e1fc, com.tfg.backend_gymrat.web.security.JWTAuthenticationFilter@46b6701e, org.springframework.security.web.savedrequest.RequestCacheAwareFilter@64fdcf99, org.springframework.security.web.servletapi.SecurityContextHolderAwareRequestFilter@fabef2e, org.springframework.security.web.authentication.AnonymousAuthenticationFilter@3686389, org.springframework.security.web.session.SessionManagementFilter@352f6727, org.springframework.security.web.access.ExceptionTranslationFilter@2d74cbbd, org.springframework.security.web.access.intercept.AuthorizationFilter@113eed88]
2023-07-23T13:04:43.972+02:00  WARN 1586 --- [main] ion$DefaultTemplateResolverConfiguration : Cannot find template location: classpath:/templates/ (please add some templates, check your Thymeleaf configuration, or set spring.thymeleaf.check-template-location=false)
2023-07-23T13:04:43.993+02:00  INFO 1586 --- [main] o.s.b.w.embedded.tomcat.TomcatWebServer  : Tomcat started on port(s): 8080 (http) with context path ''
2023-07-23T13:04:43.997+02:00  INFO 1586 --- [main] c.t.b.BackEndGymRatApplication           : Started BackEndGymRatApplication in 1.194 seconds (process running for 1.527)
2023-07-23T13:05:00.665+02:00  INFO 1586 --- [http-nio-8080-exec-1] o.a.c.c.C.[Tomcat].[localhost].[/]       : Initializing Spring DispatcherServlet 'dispatcherServlet'
2023-07-23T13:05:00.665+02:00  INFO 1586 --- [http-nio-8080-exec-1] o.s.web.servlet.DispatcherServlet        : Initializing Servlet 'dispatcherServlet'
2023-07-23T13:05:00.666+02:00  INFO 1586 --- [http-nio-8080-exec-1] o.s.web.servlet.DispatcherServlet        : Completed initialization in 1 ms
2023-07-23T13:05:00.720+02:00  INFO 1586 --- [http-nio-8080-exec-2] com.tfg.backend_gymrat.util.Log          : User manufa01 login is in proccess...
2023-07-23T13:05:00.923+02:00  INFO 1586 --- [http-nio-8080-exec-2] com.tfg.backend_gymrat.util.Log          : User manufa01 has been logged in succesfully!
2023-07-23T13:05:52.899+02:00  INFO 1586 --- [http-nio-8080-exec-3] com.tfg.backend_gymrat.util.Log          : User manufa01 login is in proccess...
2023-07-23T13:05:53.021+02:00  INFO 1586 --- [http-nio-8080-exec-3] com.tfg.backend_gymrat.util.Log          : User manufa01 has been logged in succesfully!
2023-07-23T14:21:12.478+02:00  INFO 1586 --- [http-nio-8080-exec-7] com.tfg.backend_gymrat.util.Log          : User manufa01 login is in proccess...
2023-07-23T14:21:12.601+02:00  INFO 1586 --- [http-nio-8080-exec-7] com.tfg.backend_gymrat.util.Log          : User manufa01 has been logged in succesfully!
2023-07-23T18:05:28.203+02:00  INFO 1586 --- [http-nio-8080-exec-9] com.tfg.backend_gymrat.util.Log          : User manufa01 login is in proccess...
2023-07-23T18:05:28.330+02:00  INFO 1586 --- [http-nio-8080-exec-9] com.tfg.backend_gymrat.util.Log          : User manufa01 has been logged in succesfully!
2023-07-23T19:58:05.345+02:00  INFO 1586 --- [http-nio-8080-exec-2] com.tfg.backend_gymrat.util.Log          : User manufa01 login is in proccess...
2023-07-23T19:58:05.466+02:00  INFO 1586 --- [http-nio-8080-exec-2] com.tfg.backend_gymrat.util.Log          : Log in of user manufa01 failed
2023-07-23T19:58:06.284+02:00  INFO 1586 --- [http-nio-8080-exec-3] com.tfg.backend_gymrat.util.Log          : User manufa01 login is in proccess...
2023-07-23T19:58:06.411+02:00  INFO 1586 --- [http-nio-8080-exec-3] com.tfg.backend_gymrat.util.Log          : User manufa01 has been logged in succesfully!
